[34;1m2023-07-17 11:35:37,895 - Dataset - INFO - start downloading dataset: 64b5381e07f9d7216bed663f into /home/alexli/data/hhh_field_data_stratified
[0mDataset name - hhh_field_data_stratified
  0%|          | 0/140972 [00:00<?, ?it/s]  0%|          | 1/140972 [00:10<403:45:51, 10.31s/it]  0%|          | 2/140972 [00:10<177:48:47,  4.54s/it]  0%|          | 4/140972 [00:10<68:11:37,  1.74s/it]   0%|          | 5/140972 [00:11<58:07:00,  1.48s/it]  0%|          | 6/140972 [00:12<47:37:41,  1.22s/it]  0%|          | 7/140972 [00:13<40:58:57,  1.05s/it]  0%|          | 8/140972 [00:13<35:29:47,  1.10it/s]  0%|          | 9/140972 [00:13<26:36:38,  1.47it/s]  0%|          | 10/140972 [00:14<21:30:38,  1.82it/s]  0%|          | 12/140972 [00:14<17:57:45,  2.18it/s]  0%|          | 13/140972 [00:15<17:42:23,  2.21it/s]  0%|          | 14/140972 [00:16<22:12:17,  1.76it/s]  0%|          | 15/140972 [00:16<19:38:09,  1.99it/s]  0%|          | 16/140972 [00:17<21:59:13,  1.78it/s]  0%|          | 17/140972 [00:17<19:06:29,  2.05it/s]  0%|          | 19/140972 [00:19<27:44:26,  1.41it/s]  0%|          | 20/140972 [00:19<24:34:46,  1.59it/s]  0%|          | 21/140972 [00:20<23:04:03,  1.70it/s]  0%|          | 22/140972 [00:20<19:22:17,  2.02it/s]  0%|          | 23/140972 [00:21<25:20:01,  1.55it/s]  0%|          | 24/140972 [00:22<25:00:10,  1.57it/s]  0%|          | 25/140972 [00:22<20:47:25,  1.88it/s]  0%|          | 27/140972 [00:23<16:13:13,  2.41it/s]  0%|          | 29/140972 [00:23<15:05:02,  2.60it/s]  0%|          | 30/140972 [00:23<12:48:24,  3.06it/s]  0%|          | 31/140972 [00:24<11:58:29,  3.27it/s]  0%|          | 32/140972 [00:24<12:51:34,  3.04it/s]  0%|          | 34/140972 [00:24<11:41:28,  3.35it/s]  0%|          | 35/140972 [00:25<16:33:14,  2.36it/s]  0%|          | 36/140972 [00:26<16:46:24,  2.33it/s]  0%|          | 38/140972 [00:27<20:50:27,  1.88it/s]  0%|          | 39/140972 [00:28<19:42:18,  1.99it/s]  0%|          | 40/140972 [00:28<23:50:40,  1.64it/s]  0%|          | 41/140972 [00:30<37:15:28,  1.05it/s]  0%|          | 42/140972 [00:31<32:47:17,  1.19it/s]  0%|          | 43/140972 [00:32<32:11:21,  1.22it/s]  0%|          | 44/140972 [00:33<36:19:52,  1.08it/s]  0%|          | 45/140972 [00:35<47:05:26,  1.20s/it]  0%|          | 46/140972 [00:35<38:45:47,  1.01it/s]  0%|          | 47/140972 [00:37<45:14:04,  1.16s/it]  0%|          | 48/140972 [00:38<48:11:44,  1.23s/it]  0%|          | 49/140972 [00:40<51:24:21,  1.31s/it]  0%|          | 51/140972 [00:40<29:54:43,  1.31it/s]  0%|          | 52/140972 [00:40<23:38:31,  1.66it/s]  0%|          | 54/140972 [00:40<16:26:49,  2.38it/s]  0%|          | 55/140972 [00:41<13:53:43,  2.82it/s]  0%|          | 56/140972 [00:41<14:32:43,  2.69it/s]  0%|          | 57/140972 [00:41<12:28:40,  3.14it/s]  0%|          | 58/140972 [00:42<13:52:57,  2.82it/s]  0%|          | 59/140972 [00:48<80:42:05,  2.06s/it]  0%|          | 60/140972 [00:48<61:45:25,  1.58s/it]  0%|          | 62/140972 [00:54<87:31:18,  2.24s/it]  0%|          | 63/140972 [00:56<79:45:09,  2.04s/it]  0%|          | 64/140972 [00:56<63:04:48,  1.61s/it]  0%|          | 65/140972 [00:57<48:25:54,  1.24s/it]  0%|          | 66/140972 [00:57<40:37:12,  1.04s/it]  0%|          | 67/140972 [00:58<37:08:54,  1.05it/s]  0%|          | 68/140972 [01:00<47:29:25,  1.21s/it]  0%|          | 69/140972 [01:01<50:42:07,  1.30s/it]  0%|          | 70/140972 [01:16<203:09:23,  5.19s/it]  0%|          | 71/140972 [01:17<153:30:22,  3.92s/it]  0%|          | 72/140972 [01:17<111:03:28,  2.84s/it]  0%|          | 73/140972 [01:17<84:55:59,  2.17s/it]   0%|          | 75/140972 [01:20<65:19:00,  1.67s/it]  0%|          | 76/140972 [01:22<70:55:23,  1.81s/it]  0%|          | 77/140972 [01:22<57:28:27,  1.47s/it]  0%|          | 78/140972 [01:23<45:44:14,  1.17s/it]  0%|          | 79/140972 [01:24<51:48:57,  1.32s/it]  0%|          | 81/140972 [01:25<33:10:06,  1.18it/s]  0%|          | 83/140972 [01:25<23:56:02,  1.64it/s]  0%|          | 84/140972 [01:27<28:30:32,  1.37it/s]  0%|          | 85/140972 [01:27<27:09:45,  1.44it/s]  0%|          | 87/140972 [01:27<18:29:25,  2.12it/s]  0%|          | 88/140972 [01:30<35:17:40,  1.11it/s]  0%|          | 89/140972 [01:30<29:48:33,  1.31it/s]  0%|          | 90/140972 [01:30<24:06:58,  1.62it/s]  0%|          | 91/140972 [01:31<20:51:09,  1.88it/s]  0%|          | 93/140972 [01:31<13:09:29,  2.97it/s]  0%|          | 94/140972 [01:31<12:07:37,  3.23it/s]  0%|          | 95/140972 [01:31<11:37:26,  3.37it/s]  0%|          | 96/140972 [01:33<22:33:33,  1.73it/s]  0%|          | 98/140972 [01:33<15:51:31,  2.47it/s]  0%|          | 99/140972 [01:33<15:29:09,  2.53it/s]  0%|          | 101/140972 [01:34<13:53:45,  2.82it/s]  0%|          | 102/140972 [01:34<12:19:14,  3.18it/s]  0%|          | 103/140972 [01:35<15:44:12,  2.49it/s]  0%|          | 104/140972 [01:35<15:17:50,  2.56it/s]  0%|          | 105/140972 [01:35<12:46:48,  3.06it/s]  0%|          | 106/140972 [01:36<14:15:11,  2.75it/s]  0%|          | 107/140972 [01:39<50:38:52,  1.29s/it]  0%|          | 109/140972 [01:40<32:52:57,  1.19it/s]  0%|          | 110/140972 [01:40<27:27:52,  1.42it/s]  0%|          | 111/140972 [01:41<28:59:00,  1.35it/s]  0%|          | 112/140972 [01:42<34:40:33,  1.13it/s]  0%|          | 114/140972 [01:43<24:41:14,  1.58it/s]  0%|          | 115/140972 [01:45<39:10:04,  1.00s/it]  0%|          | 116/140972 [01:46<33:17:58,  1.17it/s]  0%|          | 117/140972 [01:46<34:02:08,  1.15it/s]  0%|          | 118/140972 [01:48<35:54:37,  1.09it/s]  0%|          | 119/140972 [01:48<35:31:40,  1.10it/s]  0%|          | 120/140972 [01:49<28:24:08,  1.38it/s]  0%|          | 121/140972 [01:49<25:00:33,  1.56it/s]  0%|          | 122/140972 [01:49<20:58:28,  1.87it/s]  0%|          | 123/140972 [01:50<19:21:15,  2.02it/s]  0%|          | 124/140972 [01:50<18:53:12,  2.07it/s]  0%|          | 125/140972 [01:52<33:50:11,  1.16it/s]  0%|          | 126/140972 [01:53<35:22:13,  1.11it/s]  0%|          | 128/140972 [01:53<21:47:44,  1.80it/s]  0%|          | 129/140972 [01:54<18:43:46,  2.09it/s]  0%|          | 130/140972 [01:54<17:56:57,  2.18it/s]  0%|          | 131/140972 [01:54<15:10:06,  2.58it/s]  0%|          | 132/140972 [01:54<12:46:27,  3.06it/s]  0%|          | 133/140972 [01:55<15:05:18,  2.59it/s]  0%|          | 134/140972 [01:57<30:52:49,  1.27it/s]  0%|          | 135/140972 [01:57<26:14:43,  1.49it/s]  0%|          | 136/140972 [01:57<21:35:35,  1.81it/s]  0%|          | 137/140972 [02:00<44:38:04,  1.14s/it]  0%|          | 138/140972 [02:00<35:48:40,  1.09it/s]  0%|          | 139/140972 [02:00<26:32:18,  1.47it/s]  0%|          | 140/140972 [02:01<24:06:59,  1.62it/s]  0%|          | 141/140972 [02:01<20:43:02,  1.89it/s]  0%|          | 142/140972 [02:01<16:39:07,  2.35it/s]  0%|          | 144/140972 [02:02<12:17:06,  3.18it/s]  0%|          | 145/140972 [02:02<13:02:02,  3.00it/s]  0%|          | 146/140972 [02:02<13:44:06,  2.85it/s]  0%|          | 148/140972 [02:03<13:20:33,  2.93it/s]  0%|          | 149/140972 [02:04<14:37:12,  2.68it/s]  0%|          | 151/140972 [02:04<12:25:43,  3.15it/s]  0%|          | 152/140972 [02:04<12:33:39,  3.11it/s]  0%|          | 153/140972 [02:05<13:32:18,  2.89it/s]  0%|          | 154/140972 [02:06<17:59:20,  2.17it/s]  0%|          | 155/140972 [02:06<21:03:46,  1.86it/s]  0%|          | 156/140972 [02:07<18:27:18,  2.12it/s]  0%|          | 158/140972 [02:07<17:21:39,  2.25it/s]  0%|          | 159/140972 [02:08<15:03:33,  2.60it/s]  0%|          | 160/140972 [02:13<63:13:31,  1.62s/it]  0%|          | 161/140972 [02:17<89:09:02,  2.28s/it]  0%|          | 162/140972 [02:31<212:26:32,  5.43s/it]  0%|          | 164/140972 [02:34<146:51:18,  3.75s/it]  0%|          | 165/140972 [02:43<193:27:07,  4.95s/it]  0%|          | 166/140972 [02:44<158:30:52,  4.05s/it]  0%|          | 167/140972 [02:47<142:18:40,  3.64s/it]  0%|          | 168/140972 [02:48<120:17:34,  3.08s/it]  0%|          | 169/140972 [02:50<109:42:52,  2.81s/it]  0%|          | 170/140972 [02:51<81:41:01,  2.09s/it]   0%|          | 171/140972 [02:51<65:44:34,  1.68s/it]  0%|          | 172/140972 [02:52<57:53:22,  1.48s/it]  0%|          | 174/140972 [03:08<168:05:46,  4.30s/it]  0%|          | 175/140972 [03:08<131:56:28,  3.37s/it]  0%|          | 176/140972 [03:16<177:43:55,  4.54s/it]  0%|          | 177/140972 [03:30<276:14:00,  7.06s/it]  0%|          | 178/140972 [03:42<332:50:40,  8.51s/it]  0%|          | 179/140972 [03:52<347:15:41,  8.88s/it]  0%|          | 180/140972 [03:53<254:51:46,  6.52s/it]  0%|          | 181/140972 [03:54<193:02:16,  4.94s/it]  0%|          | 182/140972 [04:02<226:33:18,  5.79s/it]  0%|          | 183/140972 [04:02<162:04:32,  4.14s/it]  0%|          | 184/140972 [04:03<127:13:53,  3.25s/it]  0%|          | 185/140972 [04:16<245:07:06,  6.27s/it]  0%|          | 186/140972 [04:17<178:52:44,  4.57s/it]  0%|          | 187/140972 [04:26<227:51:26,  5.83s/it]  0%|          | 188/140972 [04:26<166:38:56,  4.26s/it]  0%|          | 189/140972 [04:28<136:13:03,  3.48s/it]  0%|          | 190/140972 [04:31<129:19:26,  3.31s/it]  0%|          | 191/140972 [04:32<100:39:09,  2.57s/it]  0%|          | 192/140972 [04:34<97:04:13,  2.48s/it]   0%|          | 193/140972 [04:39<121:56:45,  3.12s/it]  0%|          | 194/140972 [04:43<134:19:50,  3.44s/it]  0%|          | 195/140972 [04:45<116:01:59,  2.97s/it]  0%|          | 196/140972 [05:13<414:15:44, 10.59s/it]  0%|          | 197/140972 [05:38<586:01:43, 14.99s/it]  0%|          | 198/140972 [05:44<476:35:00, 12.19s/it]  0%|          | 199/140972 [05:46<357:39:41,  9.15s/it]  0%|          | 200/140972 [05:46<252:53:30,  6.47s/it]  0%|          | 201/140972 [06:03<371:12:25,  9.49s/it]  0%|          | 202/140972 [06:27<546:06:12, 13.97s/it]  0%|          | 203/140972 [06:38<508:47:36, 13.01s/it]  0%|          | 204/140972 [06:40<375:28:54,  9.60s/it]  0%|          | 205/140972 [06:40<269:53:11,  6.90s/it]  0%|          | 206/140972 [06:41<193:24:02,  4.95s/it]  0%|          | 207/140972 [06:41<137:14:58,  3.51s/it]  0%|          | 208/140972 [06:42<109:53:49,  2.81s/it]  0%|          | 209/140972 [06:51<186:48:29,  4.78s/it]  0%|          | 210/140972 [06:54<157:32:08,  4.03s/it]  0%|          | 211/140972 [06:57<152:59:37,  3.91s/it]  0%|          | 212/140972 [06:59<125:03:36,  3.20s/it]  0%|          | 213/140972 [07:13<249:57:39,  6.39s/it]  0%|          | 215/140972 [07:13<135:44:52,  3.47s/it]  0%|          | 217/140972 [07:17<115:16:14,  2.95s/it]  0%|          | 218/140972 [07:20<117:31:56,  3.01s/it]  0%|          | 219/140972 [07:21<91:36:29,  2.34s/it]   0%|          | 220/140972 [07:21<70:52:47,  1.81s/it]  0%|          | 221/140972 [07:25<92:20:11,  2.36s/it]  0%|          | 222/140972 [07:26<79:19:27,  2.03s/it]  0%|          | 224/140972 [07:26<46:38:45,  1.19s/it]  0%|          | 225/140972 [07:33<99:46:51,  2.55s/it]  0%|          | 226/140972 [07:37<118:03:00,  3.02s/it]  0%|          | 227/140972 [07:38<98:00:43,  2.51s/it]   0%|          | 228/140972 [07:39<73:03:53,  1.87s/it]  0%|          | 229/140972 [08:00<285:40:17,  7.31s/it]  0%|          | 230/140972 [08:02<225:18:27,  5.76s/it]  0%|          | 231/140972 [08:02<165:22:34,  4.23s/it]  0%|          | 232/140972 [08:03<127:46:08,  3.27s/it]  0%|          | 234/140972 [08:09<117:42:24,  3.01s/it]  0%|          | 235/140972 [08:09<90:06:13,  2.30s/it]   0%|          | 237/140972 [08:10<60:02:25,  1.54s/it]  0%|          | 238/140972 [08:12<65:00:24,  1.66s/it]  0%|          | 239/140972 [08:13<63:56:23,  1.64s/it]  0%|          | 240/140972 [08:18<97:09:10,  2.49s/it]  0%|          | 241/140972 [08:19<79:10:39,  2.03s/it]  0%|          | 243/140972 [08:20<57:07:16,  1.46s/it]  0%|          | 244/140972 [08:25<86:33:51,  2.21s/it]  0%|          | 245/140972 [08:25<65:45:45,  1.68s/it]  0%|          | 246/140972 [08:26<59:13:07,  1.51s/it]  0%|          | 247/140972 [08:32<108:47:41,  2.78s/it]  0%|          | 248/140972 [08:33<88:35:14,  2.27s/it]   0%|          | 249/140972 [08:34<69:51:51,  1.79s/it]  0%|          | 250/140972 [08:54<279:38:18,  7.15s/it]  0%|          | 251/140972 [09:04<316:05:21,  8.09s/it]  0%|          | 252/140972 [09:05<226:10:14,  5.79s/it]  0%|          | 253/140972 [09:05<165:53:36,  4.24s/it]  0%|          | 254/140972 [09:09<154:34:39,  3.95s/it]  0%|          | 255/140972 [09:09<110:00:10,  2.81s/it]  0%|          | 256/140972 [09:15<156:47:50,  4.01s/it]  0%|          | 257/140972 [09:16<121:27:34,  3.11s/it]  0%|          | 258/140972 [09:23<155:38:03,  3.98s/it]  0%|          | 259/140972 [09:29<183:13:08,  4.69s/it]  0%|          | 260/140972 [09:29<131:18:42,  3.36s/it]  0%|          | 261/140972 [09:29<95:29:47,  2.44s/it]   0%|          | 262/140972 [09:33<103:40:23,  2.65s/it]  0%|          | 263/140972 [09:43<197:25:00,  5.05s/it]  0%|          | 264/140972 [09:44<143:17:01,  3.67s/it]  0%|          | 265/140972 [09:45<110:54:56,  2.84s/it]  0%|          | 266/140972 [09:53<178:34:04,  4.57s/it]  0%|          | 267/140972 [09:53<128:38:30,  3.29s/it]  0%|          | 268/140972 [09:55<103:26:03,  2.65s/it]  0%|          | 269/140972 [09:56<87:54:19,  2.25s/it]   0%|          | 270/140972 [09:57<73:40:45,  1.89s/it]  0%|          | 271/140972 [10:03<118:05:24,  3.02s/it]  0%|          | 272/140972 [10:06<123:11:03,  3.15s/it]  0%|          | 273/140972 [10:09<122:35:08,  3.14s/it]  0%|          | 274/140972 [10:13<133:11:20,  3.41s/it]  0%|          | 275/140972 [10:15<109:55:08,  2.81s/it]  0%|          | 276/140972 [10:15<84:47:27,  2.17s/it]   0%|          | 277/140972 [10:19<99:21:42,  2.54s/it]  0%|          | 278/140972 [10:19<71:52:36,  1.84s/it]  0%|          | 280/140972 [10:19<43:19:45,  1.11s/it]  0%|          | 282/140972 [10:24<61:28:41,  1.57s/it]  0%|          | 283/140972 [10:25<53:14:04,  1.36s/it]  0%|          | 284/140972 [10:36<148:41:15,  3.80s/it]  0%|          | 285/140972 [10:36<113:11:47,  2.90s/it]  0%|          | 286/140972 [10:38<102:11:03,  2.61s/it]  0%|          | 287/140972 [10:44<135:32:00,  3.47s/it]  0%|          | 288/140972 [10:45<108:45:01,  2.78s/it]  0%|          | 289/140972 [10:45<80:45:07,  2.07s/it]   0%|          | 290/140972 [11:03<263:15:45,  6.74s/it]  0%|          | 291/140972 [11:12<287:21:42,  7.35s/it]  0%|          | 292/140972 [11:20<290:05:05,  7.42s/it]  0%|          | 294/140972 [11:20<158:59:13,  4.07s/it]  0%|          | 295/140972 [11:25<167:55:00,  4.30s/it]  0%|          | 296/140972 [11:50<383:31:09,  9.81s/it]  0%|          | 297/140972 [11:57<350:46:16,  8.98s/it]  0%|          | 298/140972 [12:07<361:53:17,  9.26s/it]  0%|          | 299/140972 [12:08<271:26:27,  6.95s/it]  0%|          | 300/140972 [12:10<210:51:37,  5.40s/it]  0%|          | 301/140972 [12:17<235:39:01,  6.03s/it]  0%|          | 302/140972 [12:20<200:25:07,  5.13s/it]  0%|          | 303/140972 [12:21<150:21:55,  3.85s/it]  0%|          | 305/140972 [12:31<165:24:10,  4.23s/it]  0%|          | 306/140972 [12:38<194:11:31,  4.97s/it]  0%|          | 307/140972 [12:42<182:25:32,  4.67s/it]  0%|          | 308/140972 [12:49<210:31:00,  5.39s/it]  0%|          | 309/140972 [12:55<213:09:59,  5.46s/it]  0%|          | 310/140972 [12:59<196:43:42,  5.03s/it]  0%|          | 311/140972 [12:59<143:43:26,  3.68s/it]  0%|          | 312/140972 [12:59<103:44:28,  2.66s/it]  0%|          | 313/140972 [13:07<164:57:12,  4.22s/it]  0%|          | 314/140972 [13:10<150:55:17,  3.86s/it]  0%|          | 315/140972 [13:18<198:38:52,  5.08s/it]  0%|          | 316/140972 [13:21<173:16:56,  4.44s/it]  0%|          | 317/140972 [13:21<123:32:50,  3.16s/it]  0%|          | 318/140972 [13:31<199:31:13,  5.11s/it]  0%|          | 319/140972 [13:32<152:34:08,  3.90s/it]  0%|          | 320/140972 [13:33<113:39:09,  2.91s/it]  0%|          | 321/140972 [13:33<90:37:43,  2.32s/it]   0%|          | 322/140972 [13:37<107:35:39,  2.75s/it]  0%|          | 323/140972 [13:39<98:17:11,  2.52s/it]   0%|          | 324/140972 [13:44<123:30:33,  3.16s/it]  0%|          | 325/140972 [14:00<276:31:14,  7.08s/it]  0%|          | 326/140972 [14:00<198:28:56,  5.08s/it]  0%|          | 327/140972 [14:01<147:00:38,  3.76s/it]  0%|          | 328/140972 [14:04<140:25:14,  3.59s/it]  0%|          | 329/140972 [14:05<103:19:48,  2.64s/it]  0%|          | 330/140972 [14:13<167:06:24,  4.28s/it]  0%|          | 331/140972 [14:14<135:32:07,  3.47s/it]  0%|          | 332/140972 [14:15<100:28:10,  2.57s/it]  0%|          | 333/140972 [14:27<214:20:48,  5.49s/it]  0%|          | 334/140972 [14:31<194:49:09,  4.99s/it]  0%|          | 335/140972 [14:32<144:52:26,  3.71s/it]  0%|          | 336/140972 [14:32<104:51:29,  2.68s/it]  0%|          | 337/140972 [14:41<176:41:39,  4.52s/it]  0%|          | 338/140972 [14:41<128:49:56,  3.30s/it]  0%|          | 339/140972 [14:46<147:59:53,  3.79s/it]  0%|          | 340/140972 [14:47<112:56:13,  2.89s/it]  0%|          | 341/140972 [14:55<170:13:24,  4.36s/it]  0%|          | 342/140972 [14:56<129:48:10,  3.32s/it]  0%|          | 343/140972 [14:57<101:55:10,  2.61s/it]  0%|          | 344/140972 [15:11<237:14:43,  6.07s/it]  0%|          | 345/140972 [15:12<174:22:20,  4.46s/it]  0%|          | 346/140972 [15:16<170:58:22,  4.38s/it]  0%|          | 347/140972 [15:17<135:28:28,  3.47s/it]  0%|          | 348/140972 [15:18<105:23:25,  2.70s/it]  0%|          | 349/140972 [15:18<76:20:54,  1.95s/it]   0%|          | 350/140972 [15:26<143:06:15,  3.66s/it]  0%|          | 351/140972 [15:28<129:30:00,  3.32s/it]  0%|          | 352/140972 [15:30<105:01:14,  2.69s/it]  0%|          | 353/140972 [15:30<77:58:18,  2.00s/it]   0%|          | 354/140972 [15:30<57:14:33,  1.47s/it]  0%|          | 355/140972 [15:31<47:32:40,  1.22s/it]  0%|          | 357/140972 [15:34<49:44:23,  1.27s/it]  0%|          | 358/140972 [15:34<38:25:11,  1.02it/s]  0%|          | 360/140972 [15:34<28:00:11,  1.39it/s]  0%|          | 361/140972 [15:35<29:08:49,  1.34it/s]  0%|          | 362/140972 [15:37<43:00:34,  1.10s/it]  0%|          | 363/140972 [15:38<35:05:09,  1.11it/s]  0%|          | 364/140972 [15:38<26:38:35,  1.47it/s]  0%|          | 365/140972 [15:39<28:14:46,  1.38it/s]  0%|          | 366/140972 [15:39<23:46:47,  1.64it/s]  0%|          | 367/140972 [15:43<63:58:47,  1.64s/it]  0%|          | 368/140972 [15:43<50:13:17,  1.29s/it]  0%|          | 370/140972 [15:45<36:53:26,  1.06it/s]  0%|          | 371/140972 [15:46<37:45:14,  1.03it/s]  0%|          | 372/140972 [15:46<29:58:39,  1.30it/s]  0%|          | 373/140972 [15:46<23:43:23,  1.65it/s]  0%|          | 374/140972 [15:47<31:43:29,  1.23it/s]  0%|          | 375/140972 [15:48<25:34:51,  1.53it/s]  0%|          | 376/140972 [15:48<23:57:24,  1.63it/s]  0%|          | 378/140972 [15:49<19:25:05,  2.01it/s]  0%|          | 379/140972 [15:49<19:48:01,  1.97it/s]  0%|          | 380/140972 [15:50<21:21:55,  1.83it/s]  0%|          | 382/140972 [15:53<33:58:37,  1.15it/s]  0%|          | 383/140972 [15:54<35:18:48,  1.11it/s]  0%|          | 384/140972 [15:55<39:30:14,  1.01s/it]  0%|          | 385/140972 [15:55<30:23:53,  1.28it/s]  0%|          | 386/140972 [15:57<40:11:17,  1.03s/it]  0%|          | 387/140972 [16:03<101:34:32,  2.60s/it]  0%|          | 388/140972 [16:08<123:53:15,  3.17s/it]  0%|          | 389/140972 [16:08<93:06:51,  2.38s/it]   0%|          | 390/140972 [16:19<182:49:04,  4.68s/it]  0%|          | 391/140972 [16:20<142:08:36,  3.64s/it]  0%|          | 392/140972 [16:20<101:55:25,  2.61s/it]  0%|          | 393/140972 [16:32<212:01:27,  5.43s/it]  0%|          | 394/140972 [16:52<376:20:28,  9.64s/it]  0%|          | 396/140972 [16:52<208:44:23,  5.35s/it]  0%|          | 397/140972 [17:36<580:52:35, 14.88s/it]  0%|          | 398/140972 [17:37<437:58:08, 11.22s/it]  0%|          | 399/140972 [17:46<415:33:42, 10.64s/it]  0%|          | 400/140972 [17:51<356:05:05,  9.12s/it]  0%|          | 401/140972 [18:26<642:42:18, 16.46s/it]  0%|          | 402/140972 [18:30<499:03:08, 12.78s/it]  0%|          | 403/140972 [18:30<359:25:28,  9.20s/it]  0%|          | 404/140972 [18:37<331:32:16,  8.49s/it]  0%|          | 405/140972 [18:46<330:45:03,  8.47s/it]  0%|          | 406/140972 [18:47<246:21:45,  6.31s/it]  0%|          | 407/140972 [18:48<180:51:51,  4.63s/it]  0%|          | 408/140972 [18:50<152:55:59,  3.92s/it]  0%|          | 409/140972 [18:52<134:36:53,  3.45s/it]  0%|          | 410/140972 [18:53<106:08:13,  2.72s/it]  0%|          | 411/140972 [19:03<193:02:41,  4.94s/it]  0%|          | 412/140972 [19:04<139:47:23,  3.58s/it]  0%|          | 413/140972 [19:06<121:01:02,  3.10s/it]  0%|          | 414/140972 [19:14<180:14:22,  4.62s/it]  0%|          | 415/140972 [19:14<128:50:32,  3.30s/it]  0%|          | 416/140972 [19:20<160:43:08,  4.12s/it]  0%|          | 417/140972 [19:21<118:23:00,  3.03s/it]  0%|          | 418/140972 [19:36<261:29:08,  6.70s/it]  0%|          | 419/140972 [19:37<198:24:15,  5.08s/it]  0%|          | 420/140972 [19:37<142:21:04,  3.65s/it]  0%|          | 421/140972 [19:38<105:05:42,  2.69s/it]  0%|          | 422/140972 [19:44<144:18:04,  3.70s/it]  0%|          | 423/140972 [19:44<103:41:01,  2.66s/it]  0%|          | 424/140972 [19:45<80:47:44,  2.07s/it]   0%|          | 425/140972 [19:46<64:35:55,  1.65s/it]  0%|          | 426/140972 [19:48<76:47:05,  1.97s/it]  0%|          | 427/140972 [19:48<54:58:44,  1.41s/it]  0%|          | 428/140972 [19:51<71:59:28,  1.84s/it]  0%|          | 429/140972 [19:54<81:36:01,  2.09s/it]  0%|          | 430/140972 [19:57<93:22:12,  2.39s/it]  0%|          | 431/140972 [19:59<92:51:49,  2.38s/it]  0%|          | 432/140972 [20:01<83:54:24,  2.15s/it]  0%|          | 433/140972 [20:01<59:59:10,  1.54s/it]  0%|          | 434/140972 [20:01<44:59:35,  1.15s/it]  0%|          | 435/140972 [20:02<38:23:57,  1.02it/s]  0%|          | 436/140972 [20:04<49:24:09,  1.27s/it]  0%|          | 437/140972 [20:04<39:01:14,  1.00it/s]  0%|          | 438/140972 [20:05<31:18:06,  1.25it/s]  0%|          | 439/140972 [20:05<24:39:15,  1.58it/s]  0%|          | 440/140972 [20:05<20:36:51,  1.89it/s]  0%|          | 441/140972 [20:06<20:10:58,  1.93it/s]  0%|          | 442/140972 [20:06<21:56:15,  1.78it/s]  0%|          | 443/140972 [20:07<29:37:44,  1.32it/s]  0%|          | 444/140972 [20:08<24:09:25,  1.62it/s]  0%|          | 445/140972 [20:10<47:39:44,  1.22s/it]  0%|          | 446/140972 [20:14<72:09:40,  1.85s/it]  0%|          | 447/140972 [20:16<75:53:23,  1.94s/it]  0%|          | 448/140972 [20:17<70:58:34,  1.82s/it]  0%|          | 451/140972 [20:18<32:50:19,  1.19it/s]  0%|          | 452/140972 [20:18<29:49:46,  1.31it/s]  0%|          | 453/140972 [20:19<35:06:49,  1.11it/s]  0%|          | 454/140972 [20:20<31:48:33,  1.23it/s]  0%|          | 455/140972 [20:21<31:41:11,  1.23it/s]  0%|          | 456/140972 [20:22<36:10:04,  1.08it/s]  0%|          | 457/140972 [20:22<30:03:40,  1.30it/s]  0%|          | 458/140972 [20:23<28:58:31,  1.35it/s]  0%|          | 459/140972 [20:23<25:27:30,  1.53it/s]  0%|          | 460/140972 [20:24<26:50:41,  1.45it/s]  0%|          | 461/140972 [20:25<30:03:02,  1.30it/s]  0%|          | 462/140972 [20:25<22:31:38,  1.73it/s]  0%|          | 463/140972 [20:26<27:41:55,  1.41it/s]  0%|          | 464/140972 [20:27<21:29:45,  1.82it/s]  0%|          | 465/140972 [20:27<22:26:49,  1.74it/s]  0%|          | 467/140972 [20:27<13:12:01,  2.96it/s]  0%|          | 468/140972 [20:29<27:30:50,  1.42it/s]  0%|          | 469/140972 [20:29<21:36:21,  1.81it/s]  0%|          | 470/140972 [20:30<26:33:12,  1.47it/s]  0%|          | 471/140972 [20:31<27:46:05,  1.41it/s]  0%|          | 472/140972 [20:32<28:57:03,  1.35it/s]  0%|          | 473/140972 [20:33<29:31:25,  1.32it/s]  0%|          | 474/140972 [20:33<28:12:30,  1.38it/s]  0%|          | 475/140972 [20:34<28:24:37,  1.37it/s]  0%|          | 476/140972 [20:34<22:18:24,  1.75it/s]  0%|          | 477/140972 [20:35<22:20:47,  1.75it/s]  0%|          | 478/140972 [20:37<43:15:55,  1.11s/it]  0%|          | 480/140972 [20:38<27:04:30,  1.44it/s]  0%|          | 481/140972 [20:39<32:53:10,  1.19it/s]  0%|          | 482/140972 [20:39<28:44:25,  1.36it/s]  0%|          | 483/140972 [20:42<44:51:07,  1.15s/it]  0%|          | 484/140972 [20:42<34:50:02,  1.12it/s]  0%|          | 485/140972 [20:42<27:49:14,  1.40it/s]  0%|          | 486/140972 [20:45<51:23:03,  1.32s/it]  0%|          | 487/140972 [20:46<54:00:56,  1.38s/it]  0%|          | 489/140972 [20:50<56:47:05,  1.46s/it]  0%|          | 490/140972 [20:51<52:22:10,  1.34s/it]  0%|          | 491/140972 [20:51<43:52:18,  1.12s/it]  0%|          | 492/140972 [20:51<36:03:05,  1.08it/s]  0%|          | 494/140972 [20:52<23:36:15,  1.65it/s]  0%|          | 495/140972 [20:53<26:17:15,  1.48it/s]  0%|          | 496/140972 [20:53<22:58:39,  1.70it/s]  0%|          | 497/140972 [20:54<30:02:46,  1.30it/s]  0%|          | 498/140972 [20:56<37:19:24,  1.05it/s]  0%|          | 499/140972 [20:56<35:03:27,  1.11it/s]  0%|          | 500/140972 [21:08<155:18:27,  3.98s/it]  0%|          | 501/140972 [21:11<145:03:57,  3.72s/it]  0%|          | 502/140972 [21:36<386:49:57,  9.91s/it]  0%|          | 503/140972 [21:40<315:51:57,  8.10s/it]  0%|          | 504/140972 [21:40<229:58:30,  5.89s/it]  0%|          | 504/140972 [21:46<101:10:20,  2.59s/it]
Process ForkPoolWorker-20:
Traceback (most recent call last):
  File "/home/alexli/miniconda3/envs/py310/lib/python3.10/multiprocessing/pool.py", line 856, in next
    item = self._items.popleft()
IndexError: pop from an empty deque

During handling of the above exception, another exception occurred:

Traceback (most recent call last):
  File "/home/alexli/git/scripts/data/data_downloader.py", line 31, in <module>
    dataset.download(destination / dataset_name)
  File "/home/alexli/miniconda3/envs/py310/lib/python3.10/site-packages/brtdevkit/data/core/dataset.py", line 630, in download
    parallel_download(keys_with_save_path, max_workers=max_workers)
  File "/home/alexli/miniconda3/envs/py310/lib/python3.10/site-packages/brtdevkit/util/aws/s3.py", line 227, in parallel_download
    for _ in p.imap_unordered(_download_from_s3, save_path_with_bucket_key.items()):
  File "/home/alexli/miniconda3/envs/py310/lib/python3.10/multiprocessing/pool.py", line 861, in next
    self._cond.wait(timeout)
  File "/home/alexli/miniconda3/envs/py310/lib/python3.10/threading.py", line 320, in wait
    waiter.acquire()
KeyboardInterrupt
